SF:/home/italo/workSpace/aceleracao/Tryitter-Project/src/Tryitter/Program.cs
FN:9,System.Void Program::<Main>$(System.String[])
FNDA:0,System.Void Program::<Main>$(System.String[])
DA:10,0
DA:14,0
DA:17,0
DA:18,0
DA:19,0
DA:20,0
DA:21,0
DA:22,0
DA:23,0
DA:24,0
DA:25,0
DA:26,0
DA:27,0
DA:28,0
DA:29,0
DA:30,0
DA:31,0
DA:32,0
DA:33,0
DA:34,0
DA:35,0
DA:36,0
DA:37,0
DA:38,0
DA:39,0
DA:40,0
DA:41,0
DA:42,0
DA:43,0
DA:44,0
DA:45,0
DA:47,0
DA:48,0
DA:49,0
DA:50,0
DA:51,0
DA:52,0
DA:53,0
DA:54,0
DA:55,0
DA:56,0
DA:57,0
DA:58,0
DA:59,0
DA:60,0
DA:61,0
DA:62,0
DA:63,0
DA:65,0
DA:66,0
DA:67,0
DA:68,0
DA:69,0
DA:70,0
DA:71,0
DA:72,0
DA:73,0
DA:75,0
DA:77,0
DA:78,0
DA:79,0
DA:80,0
DA:81,0
DA:83,0
DA:85,0
DA:86,0
DA:88,0
DA:90,0
BRDA:77,246,0,0
BRDA:77,246,1,0
LF:68
LH:0
BRF:2
BRH:0
FNF:1
FNH:0
end_of_record
SF:/home/italo/workSpace/aceleracao/Tryitter-Project/src/Tryitter/Migrations/20221212215710_addTables.cs
FN:12,System.Void TryitterProject.Migrations.addTables::Up(Microsoft.EntityFrameworkCore.Migrations.MigrationBuilder)
FNDA:0,System.Void TryitterProject.Migrations.addTables::Up(Microsoft.EntityFrameworkCore.Migrations.MigrationBuilder)
DA:13,0
DA:14,0
DA:15,0
DA:16,0
DA:17,0
DA:18,0
DA:19,0
DA:20,0
DA:21,0
DA:22,0
DA:23,0
DA:24,0
DA:25,0
DA:26,0
DA:28,0
DA:29,0
DA:30,0
DA:31,0
DA:32,0
DA:33,0
DA:34,0
DA:35,0
DA:36,0
DA:37,0
DA:38,0
DA:39,0
DA:40,0
DA:41,0
DA:42,0
DA:43,0
DA:44,0
DA:45,0
DA:46,0
DA:47,0
DA:48,0
DA:49,0
DA:50,0
DA:51,0
DA:53,0
DA:54,0
DA:55,0
DA:56,0
DA:57,0
DA:58,0
DA:59,0
DA:60,0
DA:61,0
DA:62,0
DA:63,0
DA:64,0
DA:65,0
DA:66,0
DA:68,0
DA:69,0
DA:70,0
DA:71,0
DA:72,0
DA:73,0
DA:74,0
DA:75,0
DA:76,0
DA:77,0
DA:78,0
DA:79,0
DA:80,0
DA:81,0
DA:82,0
DA:83,0
DA:85,0
DA:86,0
DA:87,0
DA:88,0
DA:89,0
DA:90,0
DA:91,0
DA:92,0
DA:93,0
DA:94,0
DA:95,0
DA:96,0
DA:97,0
DA:98,0
DA:99,0
DA:100,0
DA:101,0
DA:102,0
DA:103,0
DA:104,0
DA:106,0
DA:107,0
DA:108,0
DA:109,0
DA:110,0
DA:111,0
DA:112,0
DA:113,0
DA:114,0
DA:115,0
DA:116,0
DA:117,0
DA:118,0
DA:119,0
DA:120,0
DA:121,0
DA:122,0
DA:123,0
DA:124,0
DA:125,0
DA:127,0
DA:128,0
DA:129,0
DA:130,0
DA:131,0
DA:132,0
DA:133,0
DA:134,0
DA:135,0
DA:136,0
DA:137,0
DA:138,0
DA:139,0
DA:140,0
DA:141,0
DA:142,0
DA:143,0
DA:144,0
DA:145,0
DA:147,0
DA:148,0
DA:149,0
DA:150,0
DA:151,0
DA:152,0
DA:153,0
DA:154,0
DA:155,0
DA:156,0
DA:157,0
DA:158,0
DA:159,0
DA:160,0
DA:161,0
DA:162,0
DA:163,0
DA:164,0
DA:165,0
DA:166,0
DA:167,0
DA:168,0
DA:169,0
DA:171,0
DA:172,0
DA:173,0
DA:174,0
DA:175,0
DA:176,0
DA:177,0
DA:178,0
DA:179,0
DA:180,0
DA:181,0
DA:182,0
DA:183,0
DA:184,0
DA:185,0
DA:186,0
DA:187,0
DA:188,0
DA:189,0
DA:191,0
DA:192,0
DA:193,0
DA:194,0
DA:196,0
DA:197,0
DA:198,0
DA:199,0
DA:200,0
DA:201,0
DA:203,0
DA:204,0
DA:205,0
DA:206,0
DA:208,0
DA:209,0
DA:210,0
DA:211,0
DA:213,0
DA:214,0
DA:215,0
DA:216,0
DA:218,0
DA:219,0
DA:220,0
DA:221,0
DA:223,0
DA:224,0
DA:225,0
DA:226,0
DA:227,0
DA:228,0
DA:229,0
FN:232,System.Void TryitterProject.Migrations.addTables::Down(Microsoft.EntityFrameworkCore.Migrations.MigrationBuilder)
FNDA:0,System.Void TryitterProject.Migrations.addTables::Down(Microsoft.EntityFrameworkCore.Migrations.MigrationBuilder)
DA:233,0
DA:234,0
DA:235,0
DA:237,0
DA:238,0
DA:240,0
DA:241,0
DA:243,0
DA:244,0
DA:246,0
DA:247,0
DA:249,0
DA:250,0
DA:252,0
DA:253,0
DA:255,0
DA:256,0
DA:258,0
DA:259,0
DA:260,0
LF:222
LH:0
BRF:0
BRH:0
FNF:2
FNH:0
end_of_record
SF:/home/italo/workSpace/aceleracao/Tryitter-Project/src/Tryitter/Migrations/20221212215710_addTables.Designer.cs
FN:19,System.Void TryitterProject.Migrations.addTables::BuildTargetModel(Microsoft.EntityFrameworkCore.ModelBuilder)
FNDA:0,System.Void TryitterProject.Migrations.addTables::BuildTargetModel(Microsoft.EntityFrameworkCore.ModelBuilder)
DA:20,0
DA:22,0
DA:23,0
DA:24,0
DA:26,0
DA:28,0
DA:29,0
DA:30,0
DA:31,0
DA:32,0
DA:33,0
DA:34,0
DA:35,0
DA:36,0
DA:37,0
DA:38,0
DA:39,0
DA:40,0
DA:41,0
DA:42,0
DA:43,0
DA:44,0
DA:45,0
DA:46,0
DA:47,0
DA:48,0
DA:49,0
DA:50,0
DA:51,0
DA:52,0
DA:53,0
DA:55,0
DA:56,0
DA:57,0
DA:58,0
DA:59,0
DA:60,0
DA:61,0
DA:62,0
DA:63,0
DA:64,0
DA:65,0
DA:66,0
DA:67,0
DA:68,0
DA:69,0
DA:70,0
DA:71,0
DA:72,0
DA:73,0
DA:74,0
DA:75,0
DA:76,0
DA:77,0
DA:78,0
DA:80,0
DA:81,0
DA:82,0
DA:83,0
DA:84,0
DA:85,0
DA:86,0
DA:87,0
DA:88,0
DA:89,0
DA:90,0
DA:91,0
DA:92,0
DA:93,0
DA:94,0
DA:95,0
DA:96,0
DA:97,0
DA:98,0
DA:99,0
DA:100,0
DA:101,0
DA:102,0
DA:103,0
DA:104,0
DA:105,0
DA:106,0
DA:107,0
DA:108,0
DA:109,0
DA:110,0
DA:111,0
DA:112,0
DA:113,0
DA:114,0
DA:115,0
DA:116,0
DA:117,0
DA:118,0
DA:119,0
DA:120,0
DA:121,0
DA:122,0
DA:123,0
DA:124,0
DA:125,0
DA:126,0
DA:127,0
DA:128,0
DA:129,0
DA:130,0
DA:131,0
DA:132,0
DA:133,0
DA:134,0
DA:135,0
DA:136,0
DA:137,0
DA:138,0
DA:139,0
DA:140,0
DA:141,0
DA:142,0
DA:143,0
DA:145,0
DA:146,0
DA:147,0
DA:148,0
DA:149,0
DA:150,0
DA:151,0
DA:152,0
DA:153,0
DA:154,0
DA:155,0
DA:156,0
DA:157,0
DA:158,0
DA:159,0
DA:160,0
DA:161,0
DA:162,0
DA:163,0
DA:164,0
DA:165,0
DA:166,0
DA:167,0
DA:168,0
DA:170,0
DA:171,0
DA:172,0
DA:173,0
DA:174,0
DA:175,0
DA:176,0
DA:177,0
DA:178,0
DA:179,0
DA:180,0
DA:181,0
DA:182,0
DA:183,0
DA:184,0
DA:185,0
DA:186,0
DA:187,0
DA:188,0
DA:189,0
DA:190,0
DA:192,0
DA:193,0
DA:194,0
DA:195,0
DA:196,0
DA:197,0
DA:198,0
DA:199,0
DA:200,0
DA:201,0
DA:202,0
DA:203,0
DA:204,0
DA:205,0
DA:207,0
DA:208,0
DA:209,0
DA:210,0
DA:211,0
DA:212,0
DA:213,0
DA:214,0
DA:215,0
DA:216,0
DA:217,0
DA:218,0
DA:219,0
DA:220,0
DA:221,0
DA:222,0
DA:223,0
DA:224,0
DA:226,0
DA:227,0
DA:228,0
DA:229,0
DA:230,0
DA:231,0
DA:232,0
DA:233,0
DA:234,0
DA:235,0
DA:236,0
DA:237,0
DA:238,0
DA:239,0
DA:240,0
DA:241,0
DA:242,0
DA:243,0
DA:244,0
DA:245,0
DA:246,0
DA:247,0
DA:248,0
DA:249,0
DA:251,0
DA:252,0
DA:253,0
DA:254,0
DA:255,0
DA:256,0
DA:257,0
DA:258,0
DA:259,0
DA:260,0
DA:261,0
DA:262,0
DA:263,0
DA:264,0
DA:265,0
DA:266,0
DA:267,0
DA:268,0
DA:269,0
DA:270,0
DA:271,0
DA:272,0
DA:273,0
DA:274,0
DA:275,0
DA:276,0
DA:277,0
DA:278,0
DA:279,0
DA:280,0
DA:281,0
DA:282,0
DA:283,0
DA:284,0
DA:286,0
DA:287,0
DA:288,0
DA:289,0
DA:290,0
DA:291,0
DA:292,0
DA:293,0
DA:295,0
DA:296,0
DA:297,0
DA:298,0
DA:299,0
DA:300,0
DA:301,0
DA:302,0
DA:304,0
DA:305,0
DA:306,0
DA:307,0
DA:308,0
DA:309,0
DA:310,0
DA:311,0
DA:313,0
DA:314,0
DA:315,0
DA:316,0
DA:317,0
DA:318,0
DA:319,0
DA:320,0
DA:321,0
DA:322,0
DA:323,0
DA:324,0
DA:325,0
DA:326,0
DA:328,0
DA:329,0
DA:330,0
DA:331,0
DA:332,0
DA:333,0
DA:334,0
DA:335,0
DA:337,0
LF:301
LH:0
BRF:0
BRH:0
FNF:1
FNH:0
end_of_record
SF:/home/italo/workSpace/aceleracao/Tryitter-Project/src/Tryitter/Migrations/20221212224529_refacotrStudent.cs
FN:11,System.Void TryitterProject.Migrations.refacotrStudent::Up(Microsoft.EntityFrameworkCore.Migrations.MigrationBuilder)
FNDA:0,System.Void TryitterProject.Migrations.refacotrStudent::Up(Microsoft.EntityFrameworkCore.Migrations.MigrationBuilder)
DA:12,0
DA:14,0
FN:17,System.Void TryitterProject.Migrations.refacotrStudent::Down(Microsoft.EntityFrameworkCore.Migrations.MigrationBuilder)
FNDA:0,System.Void TryitterProject.Migrations.refacotrStudent::Down(Microsoft.EntityFrameworkCore.Migrations.MigrationBuilder)
DA:18,0
DA:20,0
LF:4
LH:0
BRF:0
BRH:0
FNF:2
FNH:0
end_of_record
SF:/home/italo/workSpace/aceleracao/Tryitter-Project/src/Tryitter/Migrations/20221212224529_refacotrStudent.Designer.cs
FN:19,System.Void TryitterProject.Migrations.refacotrStudent::BuildTargetModel(Microsoft.EntityFrameworkCore.ModelBuilder)
FNDA:0,System.Void TryitterProject.Migrations.refacotrStudent::BuildTargetModel(Microsoft.EntityFrameworkCore.ModelBuilder)
DA:20,0
DA:22,0
DA:23,0
DA:24,0
DA:26,0
DA:28,0
DA:29,0
DA:30,0
DA:31,0
DA:32,0
DA:33,0
DA:34,0
DA:35,0
DA:36,0
DA:37,0
DA:38,0
DA:39,0
DA:40,0
DA:41,0
DA:42,0
DA:43,0
DA:44,0
DA:45,0
DA:46,0
DA:47,0
DA:48,0
DA:49,0
DA:50,0
DA:51,0
DA:52,0
DA:53,0
DA:55,0
DA:56,0
DA:57,0
DA:58,0
DA:59,0
DA:60,0
DA:61,0
DA:62,0
DA:63,0
DA:64,0
DA:65,0
DA:66,0
DA:67,0
DA:68,0
DA:69,0
DA:70,0
DA:71,0
DA:72,0
DA:73,0
DA:74,0
DA:75,0
DA:76,0
DA:77,0
DA:78,0
DA:80,0
DA:81,0
DA:82,0
DA:83,0
DA:84,0
DA:85,0
DA:86,0
DA:87,0
DA:88,0
DA:89,0
DA:90,0
DA:91,0
DA:92,0
DA:93,0
DA:94,0
DA:95,0
DA:96,0
DA:97,0
DA:98,0
DA:99,0
DA:100,0
DA:101,0
DA:102,0
DA:103,0
DA:104,0
DA:105,0
DA:106,0
DA:107,0
DA:108,0
DA:109,0
DA:110,0
DA:111,0
DA:112,0
DA:113,0
DA:114,0
DA:115,0
DA:116,0
DA:117,0
DA:118,0
DA:119,0
DA:120,0
DA:121,0
DA:122,0
DA:123,0
DA:124,0
DA:125,0
DA:126,0
DA:127,0
DA:128,0
DA:129,0
DA:130,0
DA:131,0
DA:132,0
DA:133,0
DA:134,0
DA:135,0
DA:136,0
DA:137,0
DA:138,0
DA:139,0
DA:140,0
DA:141,0
DA:142,0
DA:143,0
DA:145,0
DA:146,0
DA:147,0
DA:148,0
DA:149,0
DA:150,0
DA:151,0
DA:152,0
DA:153,0
DA:154,0
DA:155,0
DA:156,0
DA:157,0
DA:158,0
DA:159,0
DA:160,0
DA:161,0
DA:162,0
DA:163,0
DA:164,0
DA:165,0
DA:166,0
DA:167,0
DA:168,0
DA:170,0
DA:171,0
DA:172,0
DA:173,0
DA:174,0
DA:175,0
DA:176,0
DA:177,0
DA:178,0
DA:179,0
DA:180,0
DA:181,0
DA:182,0
DA:183,0
DA:184,0
DA:185,0
DA:186,0
DA:187,0
DA:188,0
DA:189,0
DA:190,0
DA:192,0
DA:193,0
DA:194,0
DA:195,0
DA:196,0
DA:197,0
DA:198,0
DA:199,0
DA:200,0
DA:201,0
DA:202,0
DA:203,0
DA:204,0
DA:205,0
DA:207,0
DA:208,0
DA:209,0
DA:210,0
DA:211,0
DA:212,0
DA:213,0
DA:214,0
DA:215,0
DA:216,0
DA:217,0
DA:218,0
DA:219,0
DA:220,0
DA:221,0
DA:222,0
DA:223,0
DA:224,0
DA:226,0
DA:227,0
DA:228,0
DA:229,0
DA:230,0
DA:231,0
DA:232,0
DA:233,0
DA:234,0
DA:235,0
DA:236,0
DA:237,0
DA:238,0
DA:239,0
DA:240,0
DA:241,0
DA:242,0
DA:243,0
DA:244,0
DA:245,0
DA:246,0
DA:247,0
DA:248,0
DA:249,0
DA:251,0
DA:252,0
DA:253,0
DA:254,0
DA:255,0
DA:256,0
DA:257,0
DA:258,0
DA:259,0
DA:260,0
DA:261,0
DA:262,0
DA:263,0
DA:264,0
DA:265,0
DA:266,0
DA:267,0
DA:268,0
DA:269,0
DA:270,0
DA:271,0
DA:272,0
DA:273,0
DA:274,0
DA:275,0
DA:276,0
DA:277,0
DA:278,0
DA:279,0
DA:280,0
DA:281,0
DA:282,0
DA:283,0
DA:284,0
DA:286,0
DA:287,0
DA:288,0
DA:289,0
DA:290,0
DA:291,0
DA:292,0
DA:293,0
DA:295,0
DA:296,0
DA:297,0
DA:298,0
DA:299,0
DA:300,0
DA:301,0
DA:302,0
DA:304,0
DA:305,0
DA:306,0
DA:307,0
DA:308,0
DA:309,0
DA:310,0
DA:311,0
DA:313,0
DA:314,0
DA:315,0
DA:316,0
DA:317,0
DA:318,0
DA:319,0
DA:320,0
DA:321,0
DA:322,0
DA:323,0
DA:324,0
DA:325,0
DA:326,0
DA:328,0
DA:329,0
DA:330,0
DA:331,0
DA:332,0
DA:333,0
DA:334,0
DA:335,0
DA:337,0
LF:301
LH:0
BRF:0
BRH:0
FNF:1
FNH:0
end_of_record
SF:/home/italo/workSpace/aceleracao/Tryitter-Project/src/Tryitter/Migrations/20221212224806_JsonIgnore.cs
FN:11,System.Void TryitterProject.Migrations.JsonIgnore::Up(Microsoft.EntityFrameworkCore.Migrations.MigrationBuilder)
FNDA:0,System.Void TryitterProject.Migrations.JsonIgnore::Up(Microsoft.EntityFrameworkCore.Migrations.MigrationBuilder)
DA:12,0
DA:14,0
FN:17,System.Void TryitterProject.Migrations.JsonIgnore::Down(Microsoft.EntityFrameworkCore.Migrations.MigrationBuilder)
FNDA:0,System.Void TryitterProject.Migrations.JsonIgnore::Down(Microsoft.EntityFrameworkCore.Migrations.MigrationBuilder)
DA:18,0
DA:20,0
LF:4
LH:0
BRF:0
BRH:0
FNF:2
FNH:0
end_of_record
SF:/home/italo/workSpace/aceleracao/Tryitter-Project/src/Tryitter/Migrations/20221212224806_JsonIgnore.Designer.cs
FN:19,System.Void TryitterProject.Migrations.JsonIgnore::BuildTargetModel(Microsoft.EntityFrameworkCore.ModelBuilder)
FNDA:0,System.Void TryitterProject.Migrations.JsonIgnore::BuildTargetModel(Microsoft.EntityFrameworkCore.ModelBuilder)
DA:20,0
DA:22,0
DA:23,0
DA:24,0
DA:26,0
DA:28,0
DA:29,0
DA:30,0
DA:31,0
DA:32,0
DA:33,0
DA:34,0
DA:35,0
DA:36,0
DA:37,0
DA:38,0
DA:39,0
DA:40,0
DA:41,0
DA:42,0
DA:43,0
DA:44,0
DA:45,0
DA:46,0
DA:47,0
DA:48,0
DA:49,0
DA:50,0
DA:51,0
DA:52,0
DA:53,0
DA:55,0
DA:56,0
DA:57,0
DA:58,0
DA:59,0
DA:60,0
DA:61,0
DA:62,0
DA:63,0
DA:64,0
DA:65,0
DA:66,0
DA:67,0
DA:68,0
DA:69,0
DA:70,0
DA:71,0
DA:72,0
DA:73,0
DA:74,0
DA:75,0
DA:76,0
DA:77,0
DA:78,0
DA:80,0
DA:81,0
DA:82,0
DA:83,0
DA:84,0
DA:85,0
DA:86,0
DA:87,0
DA:88,0
DA:89,0
DA:90,0
DA:91,0
DA:92,0
DA:93,0
DA:94,0
DA:95,0
DA:96,0
DA:97,0
DA:98,0
DA:99,0
DA:100,0
DA:101,0
DA:102,0
DA:103,0
DA:104,0
DA:105,0
DA:106,0
DA:107,0
DA:108,0
DA:109,0
DA:110,0
DA:111,0
DA:112,0
DA:113,0
DA:114,0
DA:115,0
DA:116,0
DA:117,0
DA:118,0
DA:119,0
DA:120,0
DA:121,0
DA:122,0
DA:123,0
DA:124,0
DA:125,0
DA:126,0
DA:127,0
DA:128,0
DA:129,0
DA:130,0
DA:131,0
DA:132,0
DA:133,0
DA:134,0
DA:135,0
DA:136,0
DA:137,0
DA:138,0
DA:139,0
DA:140,0
DA:141,0
DA:142,0
DA:143,0
DA:145,0
DA:146,0
DA:147,0
DA:148,0
DA:149,0
DA:150,0
DA:151,0
DA:152,0
DA:153,0
DA:154,0
DA:155,0
DA:156,0
DA:157,0
DA:158,0
DA:159,0
DA:160,0
DA:161,0
DA:162,0
DA:163,0
DA:164,0
DA:165,0
DA:166,0
DA:167,0
DA:168,0
DA:170,0
DA:171,0
DA:172,0
DA:173,0
DA:174,0
DA:175,0
DA:176,0
DA:177,0
DA:178,0
DA:179,0
DA:180,0
DA:181,0
DA:182,0
DA:183,0
DA:184,0
DA:185,0
DA:186,0
DA:187,0
DA:188,0
DA:189,0
DA:190,0
DA:192,0
DA:193,0
DA:194,0
DA:195,0
DA:196,0
DA:197,0
DA:198,0
DA:199,0
DA:200,0
DA:201,0
DA:202,0
DA:203,0
DA:204,0
DA:205,0
DA:207,0
DA:208,0
DA:209,0
DA:210,0
DA:211,0
DA:212,0
DA:213,0
DA:214,0
DA:215,0
DA:216,0
DA:217,0
DA:218,0
DA:219,0
DA:220,0
DA:221,0
DA:222,0
DA:223,0
DA:224,0
DA:226,0
DA:227,0
DA:228,0
DA:229,0
DA:230,0
DA:231,0
DA:232,0
DA:233,0
DA:234,0
DA:235,0
DA:236,0
DA:237,0
DA:238,0
DA:239,0
DA:240,0
DA:241,0
DA:242,0
DA:243,0
DA:244,0
DA:245,0
DA:246,0
DA:247,0
DA:248,0
DA:249,0
DA:251,0
DA:252,0
DA:253,0
DA:254,0
DA:255,0
DA:256,0
DA:257,0
DA:258,0
DA:259,0
DA:260,0
DA:261,0
DA:262,0
DA:263,0
DA:264,0
DA:265,0
DA:266,0
DA:267,0
DA:268,0
DA:269,0
DA:270,0
DA:271,0
DA:272,0
DA:273,0
DA:274,0
DA:275,0
DA:276,0
DA:277,0
DA:278,0
DA:279,0
DA:280,0
DA:281,0
DA:282,0
DA:283,0
DA:284,0
DA:286,0
DA:287,0
DA:288,0
DA:289,0
DA:290,0
DA:291,0
DA:292,0
DA:293,0
DA:295,0
DA:296,0
DA:297,0
DA:298,0
DA:299,0
DA:300,0
DA:301,0
DA:302,0
DA:304,0
DA:305,0
DA:306,0
DA:307,0
DA:308,0
DA:309,0
DA:310,0
DA:311,0
DA:313,0
DA:314,0
DA:315,0
DA:316,0
DA:317,0
DA:318,0
DA:319,0
DA:320,0
DA:321,0
DA:322,0
DA:323,0
DA:324,0
DA:325,0
DA:326,0
DA:328,0
DA:329,0
DA:330,0
DA:331,0
DA:332,0
DA:333,0
DA:334,0
DA:335,0
DA:337,0
LF:301
LH:0
BRF:0
BRH:0
FNF:1
FNH:0
end_of_record
SF:/home/italo/workSpace/aceleracao/Tryitter-Project/src/Tryitter/Migrations/20221213033903_testeStudent.cs
FN:11,System.Void TryitterProject.Migrations.testeStudent::Up(Microsoft.EntityFrameworkCore.Migrations.MigrationBuilder)
FNDA:0,System.Void TryitterProject.Migrations.testeStudent::Up(Microsoft.EntityFrameworkCore.Migrations.MigrationBuilder)
DA:12,0
DA:14,0
FN:17,System.Void TryitterProject.Migrations.testeStudent::Down(Microsoft.EntityFrameworkCore.Migrations.MigrationBuilder)
FNDA:0,System.Void TryitterProject.Migrations.testeStudent::Down(Microsoft.EntityFrameworkCore.Migrations.MigrationBuilder)
DA:18,0
DA:20,0
LF:4
LH:0
BRF:0
BRH:0
FNF:2
FNH:0
end_of_record
SF:/home/italo/workSpace/aceleracao/Tryitter-Project/src/Tryitter/Migrations/20221213033903_testeStudent.Designer.cs
FN:19,System.Void TryitterProject.Migrations.testeStudent::BuildTargetModel(Microsoft.EntityFrameworkCore.ModelBuilder)
FNDA:0,System.Void TryitterProject.Migrations.testeStudent::BuildTargetModel(Microsoft.EntityFrameworkCore.ModelBuilder)
DA:20,0
DA:22,0
DA:23,0
DA:24,0
DA:26,0
DA:28,0
DA:29,0
DA:30,0
DA:31,0
DA:32,0
DA:33,0
DA:34,0
DA:35,0
DA:36,0
DA:37,0
DA:38,0
DA:39,0
DA:40,0
DA:41,0
DA:42,0
DA:43,0
DA:44,0
DA:45,0
DA:46,0
DA:47,0
DA:48,0
DA:49,0
DA:50,0
DA:51,0
DA:52,0
DA:53,0
DA:55,0
DA:56,0
DA:57,0
DA:58,0
DA:59,0
DA:60,0
DA:61,0
DA:62,0
DA:63,0
DA:64,0
DA:65,0
DA:66,0
DA:67,0
DA:68,0
DA:69,0
DA:70,0
DA:71,0
DA:72,0
DA:73,0
DA:74,0
DA:75,0
DA:76,0
DA:77,0
DA:78,0
DA:80,0
DA:81,0
DA:82,0
DA:83,0
DA:84,0
DA:85,0
DA:86,0
DA:87,0
DA:88,0
DA:89,0
DA:90,0
DA:91,0
DA:92,0
DA:93,0
DA:94,0
DA:95,0
DA:96,0
DA:97,0
DA:98,0
DA:99,0
DA:100,0
DA:101,0
DA:102,0
DA:103,0
DA:104,0
DA:105,0
DA:106,0
DA:107,0
DA:108,0
DA:109,0
DA:110,0
DA:111,0
DA:112,0
DA:113,0
DA:114,0
DA:115,0
DA:116,0
DA:117,0
DA:118,0
DA:119,0
DA:120,0
DA:121,0
DA:122,0
DA:123,0
DA:124,0
DA:125,0
DA:126,0
DA:127,0
DA:128,0
DA:129,0
DA:130,0
DA:131,0
DA:132,0
DA:133,0
DA:134,0
DA:135,0
DA:136,0
DA:137,0
DA:138,0
DA:139,0
DA:140,0
DA:141,0
DA:142,0
DA:143,0
DA:145,0
DA:146,0
DA:147,0
DA:148,0
DA:149,0
DA:150,0
DA:151,0
DA:152,0
DA:153,0
DA:154,0
DA:155,0
DA:156,0
DA:157,0
DA:158,0
DA:159,0
DA:160,0
DA:161,0
DA:162,0
DA:163,0
DA:164,0
DA:165,0
DA:166,0
DA:167,0
DA:168,0
DA:170,0
DA:171,0
DA:172,0
DA:173,0
DA:174,0
DA:175,0
DA:176,0
DA:177,0
DA:178,0
DA:179,0
DA:180,0
DA:181,0
DA:182,0
DA:183,0
DA:184,0
DA:185,0
DA:186,0
DA:187,0
DA:188,0
DA:189,0
DA:190,0
DA:192,0
DA:193,0
DA:194,0
DA:195,0
DA:196,0
DA:197,0
DA:198,0
DA:199,0
DA:200,0
DA:201,0
DA:202,0
DA:203,0
DA:204,0
DA:205,0
DA:207,0
DA:208,0
DA:209,0
DA:210,0
DA:211,0
DA:212,0
DA:213,0
DA:214,0
DA:215,0
DA:216,0
DA:217,0
DA:218,0
DA:219,0
DA:220,0
DA:221,0
DA:222,0
DA:223,0
DA:224,0
DA:226,0
DA:227,0
DA:228,0
DA:229,0
DA:230,0
DA:231,0
DA:232,0
DA:233,0
DA:234,0
DA:235,0
DA:236,0
DA:237,0
DA:238,0
DA:239,0
DA:240,0
DA:241,0
DA:242,0
DA:243,0
DA:244,0
DA:245,0
DA:246,0
DA:247,0
DA:248,0
DA:249,0
DA:251,0
DA:252,0
DA:253,0
DA:254,0
DA:255,0
DA:256,0
DA:257,0
DA:258,0
DA:259,0
DA:260,0
DA:261,0
DA:262,0
DA:263,0
DA:264,0
DA:265,0
DA:266,0
DA:267,0
DA:268,0
DA:269,0
DA:270,0
DA:271,0
DA:272,0
DA:273,0
DA:274,0
DA:275,0
DA:276,0
DA:277,0
DA:278,0
DA:279,0
DA:280,0
DA:281,0
DA:282,0
DA:283,0
DA:284,0
DA:286,0
DA:287,0
DA:288,0
DA:289,0
DA:290,0
DA:291,0
DA:292,0
DA:293,0
DA:295,0
DA:296,0
DA:297,0
DA:298,0
DA:299,0
DA:300,0
DA:301,0
DA:302,0
DA:304,0
DA:305,0
DA:306,0
DA:307,0
DA:308,0
DA:309,0
DA:310,0
DA:311,0
DA:313,0
DA:314,0
DA:315,0
DA:316,0
DA:317,0
DA:318,0
DA:319,0
DA:320,0
DA:321,0
DA:322,0
DA:323,0
DA:324,0
DA:325,0
DA:326,0
DA:328,0
DA:329,0
DA:330,0
DA:331,0
DA:332,0
DA:333,0
DA:334,0
DA:335,0
DA:337,0
LF:301
LH:0
BRF:0
BRH:0
FNF:1
FNH:0
end_of_record
SF:/home/italo/workSpace/aceleracao/Tryitter-Project/src/Tryitter/Migrations/TryitterDbContextModelSnapshot.cs
FN:16,System.Void TryitterProject.Migrations.TryitterDbContextModelSnapshot::BuildModel(Microsoft.EntityFrameworkCore.ModelBuilder)
FNDA:0,System.Void TryitterProject.Migrations.TryitterDbContextModelSnapshot::BuildModel(Microsoft.EntityFrameworkCore.ModelBuilder)
DA:17,0
DA:19,0
DA:20,0
DA:21,0
DA:23,0
DA:25,0
DA:26,0
DA:27,0
DA:28,0
DA:29,0
DA:30,0
DA:31,0
DA:32,0
DA:33,0
DA:34,0
DA:35,0
DA:36,0
DA:37,0
DA:38,0
DA:39,0
DA:40,0
DA:41,0
DA:42,0
DA:43,0
DA:44,0
DA:45,0
DA:46,0
DA:47,0
DA:48,0
DA:49,0
DA:50,0
DA:52,0
DA:53,0
DA:54,0
DA:55,0
DA:56,0
DA:57,0
DA:58,0
DA:59,0
DA:60,0
DA:61,0
DA:62,0
DA:63,0
DA:64,0
DA:65,0
DA:66,0
DA:67,0
DA:68,0
DA:69,0
DA:70,0
DA:71,0
DA:72,0
DA:73,0
DA:74,0
DA:75,0
DA:77,0
DA:78,0
DA:79,0
DA:80,0
DA:81,0
DA:82,0
DA:83,0
DA:84,0
DA:85,0
DA:86,0
DA:87,0
DA:88,0
DA:89,0
DA:90,0
DA:91,0
DA:92,0
DA:93,0
DA:94,0
DA:95,0
DA:96,0
DA:97,0
DA:98,0
DA:99,0
DA:100,0
DA:101,0
DA:102,0
DA:103,0
DA:104,0
DA:105,0
DA:106,0
DA:107,0
DA:108,0
DA:109,0
DA:110,0
DA:111,0
DA:112,0
DA:113,0
DA:114,0
DA:115,0
DA:116,0
DA:117,0
DA:118,0
DA:119,0
DA:120,0
DA:121,0
DA:122,0
DA:123,0
DA:124,0
DA:125,0
DA:126,0
DA:127,0
DA:128,0
DA:129,0
DA:130,0
DA:131,0
DA:132,0
DA:133,0
DA:134,0
DA:135,0
DA:136,0
DA:137,0
DA:138,0
DA:139,0
DA:140,0
DA:142,0
DA:143,0
DA:144,0
DA:145,0
DA:146,0
DA:147,0
DA:148,0
DA:149,0
DA:150,0
DA:151,0
DA:152,0
DA:153,0
DA:154,0
DA:155,0
DA:156,0
DA:157,0
DA:158,0
DA:159,0
DA:160,0
DA:161,0
DA:162,0
DA:163,0
DA:164,0
DA:165,0
DA:167,0
DA:168,0
DA:169,0
DA:170,0
DA:171,0
DA:172,0
DA:173,0
DA:174,0
DA:175,0
DA:176,0
DA:177,0
DA:178,0
DA:179,0
DA:180,0
DA:181,0
DA:182,0
DA:183,0
DA:184,0
DA:185,0
DA:186,0
DA:187,0
DA:189,0
DA:190,0
DA:191,0
DA:192,0
DA:193,0
DA:194,0
DA:195,0
DA:196,0
DA:197,0
DA:198,0
DA:199,0
DA:200,0
DA:201,0
DA:202,0
DA:204,0
DA:205,0
DA:206,0
DA:207,0
DA:208,0
DA:209,0
DA:210,0
DA:211,0
DA:212,0
DA:213,0
DA:214,0
DA:215,0
DA:216,0
DA:217,0
DA:218,0
DA:219,0
DA:220,0
DA:221,0
DA:223,0
DA:224,0
DA:225,0
DA:226,0
DA:227,0
DA:228,0
DA:229,0
DA:230,0
DA:231,0
DA:232,0
DA:233,0
DA:234,0
DA:235,0
DA:236,0
DA:237,0
DA:238,0
DA:239,0
DA:240,0
DA:241,0
DA:242,0
DA:243,0
DA:244,0
DA:245,0
DA:246,0
DA:248,0
DA:249,0
DA:250,0
DA:251,0
DA:252,0
DA:253,0
DA:254,0
DA:255,0
DA:256,0
DA:257,0
DA:258,0
DA:259,0
DA:260,0
DA:261,0
DA:262,0
DA:263,0
DA:264,0
DA:265,0
DA:266,0
DA:267,0
DA:268,0
DA:269,0
DA:270,0
DA:271,0
DA:272,0
DA:273,0
DA:274,0
DA:275,0
DA:276,0
DA:277,0
DA:278,0
DA:279,0
DA:280,0
DA:281,0
DA:283,0
DA:284,0
DA:285,0
DA:286,0
DA:287,0
DA:288,0
DA:289,0
DA:290,0
DA:292,0
DA:293,0
DA:294,0
DA:295,0
DA:296,0
DA:297,0
DA:298,0
DA:299,0
DA:301,0
DA:302,0
DA:303,0
DA:304,0
DA:305,0
DA:306,0
DA:307,0
DA:308,0
DA:310,0
DA:311,0
DA:312,0
DA:313,0
DA:314,0
DA:315,0
DA:316,0
DA:317,0
DA:318,0
DA:319,0
DA:320,0
DA:321,0
DA:322,0
DA:323,0
DA:325,0
DA:326,0
DA:327,0
DA:328,0
DA:329,0
DA:330,0
DA:331,0
DA:332,0
DA:334,0
LF:301
LH:0
BRF:0
BRH:0
FNF:1
FNH:0
end_of_record
SF:/home/italo/workSpace/aceleracao/Tryitter-Project/src/Tryitter/Services/TokenGenerator.cs
FN:14,System.String Tryitter_Project.Services.TokenGenerator::Generate(Tryitter_Project.Models.Student)
FNDA:2,System.String Tryitter_Project.Services.TokenGenerator::Generate(Tryitter_Project.Models.Student)
DA:15,2
DA:16,2
DA:17,2
DA:18,2
DA:19,2
DA:20,2
DA:21,2
DA:22,2
DA:23,2
DA:24,2
DA:25,2
DA:26,2
DA:27,2
DA:28,2
DA:29,2
FN:30,System.Security.Claims.ClaimsIdentity Tryitter_Project.Services.TokenGenerator::AddClaims(Tryitter_Project.Models.Student)
FNDA:2,System.Security.Claims.ClaimsIdentity Tryitter_Project.Services.TokenGenerator::AddClaims(Tryitter_Project.Models.Student)
DA:31,2
DA:32,2
DA:33,2
DA:35,2
DA:36,2
LF:20
LH:20
BRF:0
BRH:0
FNF:2
FNH:2
end_of_record
SF:/home/italo/workSpace/aceleracao/Tryitter-Project/src/Tryitter/Models/Post.cs
FN:9,System.Int32 Tryitter_Project.Models.Post::get_PostId()
FNDA:0,System.Int32 Tryitter_Project.Models.Post::get_PostId()
DA:10,0
FN:13,System.String Tryitter_Project.Models.Post::get_Messages()
FNDA:0,System.String Tryitter_Project.Models.Post::get_Messages()
DA:14,0
FN:16,System.String Tryitter_Project.Models.Post::get_Image()
FNDA:0,System.String Tryitter_Project.Models.Post::get_Image()
DA:17,0
FN:20,System.Int32 Tryitter_Project.Models.Post::get_StudentId()
FNDA:0,System.Int32 Tryitter_Project.Models.Post::get_StudentId()
DA:21,0
LF:4
LH:0
BRF:0
BRH:0
FNF:4
FNH:0
end_of_record
SF:/home/italo/workSpace/aceleracao/Tryitter-Project/src/Tryitter/Models/Student.cs
FN:9,System.Int32 Tryitter_Project.Models.Student::get_StudentId()
FNDA:2,System.Int32 Tryitter_Project.Models.Student::get_StudentId()
DA:10,2
FN:13,System.String Tryitter_Project.Models.Student::get_UserName()
FNDA:2,System.String Tryitter_Project.Models.Student::get_UserName()
DA:14,2
FN:16,System.String Tryitter_Project.Models.Student::get_Email()
FNDA:2,System.String Tryitter_Project.Models.Student::get_Email()
DA:17,2
FN:17,System.String Tryitter_Project.Models.Student::get_Password()
FNDA:2,System.String Tryitter_Project.Models.Student::get_Password()
DA:18,2
FN:19,System.String Tryitter_Project.Models.Student::get_Module()
FNDA:2,System.String Tryitter_Project.Models.Student::get_Module()
DA:20,2
FN:21,System.String Tryitter_Project.Models.Student::get_Status()
FNDA:2,System.String Tryitter_Project.Models.Student::get_Status()
DA:22,2
LF:6
LH:6
BRF:0
BRH:0
FNF:6
FNH:6
end_of_record
SF:/home/italo/workSpace/aceleracao/Tryitter-Project/src/Tryitter/Controllers/PostController.cs
FN:23,Microsoft.AspNetCore.Mvc.ActionResult`1<System.Collections.Generic.IEnumerable`1<Tryitter_Project.Models.Post>> Tryitter_Project.Controllers.PostController::GetPostsByStudentId(System.Int32)
FNDA:0,Microsoft.AspNetCore.Mvc.ActionResult`1<System.Collections.Generic.IEnumerable`1<Tryitter_Project.Models.Post>> Tryitter_Project.Controllers.PostController::GetPostsByStudentId(System.Int32)
DA:24,0
DA:26,0
DA:27,0
DA:28,0
DA:29,0
DA:31,0
DA:32,0
BRDA:27,140,0,0
BRDA:27,140,1,0
FN:35,Microsoft.AspNetCore.Mvc.ActionResult`1<Tryitter_Project.Models.Post> Tryitter_Project.Controllers.PostController::GetLastPostByStudentId(System.Int32)
FNDA:0,Microsoft.AspNetCore.Mvc.ActionResult`1<Tryitter_Project.Models.Post> Tryitter_Project.Controllers.PostController::GetLastPostByStudentId(System.Int32)
DA:36,0
DA:37,0
DA:38,0
DA:39,0
DA:40,0
DA:42,0
DA:43,0
BRDA:38,135,0,0
BRDA:38,135,1,0
FN:46,Microsoft.AspNetCore.Mvc.ActionResult`1<Tryitter_Project.Models.Post> Tryitter_Project.Controllers.PostController::Get(System.Int32)
FNDA:0,Microsoft.AspNetCore.Mvc.ActionResult`1<Tryitter_Project.Models.Post> Tryitter_Project.Controllers.PostController::Get(System.Int32)
DA:47,0
DA:48,0
DA:49,0
DA:50,0
DA:51,0
DA:53,0
DA:54,0
BRDA:49,135,0,0
BRDA:49,135,1,0
FN:57,Microsoft.AspNetCore.Mvc.ActionResult Tryitter_Project.Controllers.PostController::Post(Tryitter_Project.Models.Post)
FNDA:0,Microsoft.AspNetCore.Mvc.ActionResult Tryitter_Project.Controllers.PostController::Post(Tryitter_Project.Models.Post)
DA:58,0
DA:59,0
DA:60,0
DA:61,0
DA:63,0
DA:64,0
BRDA:59,7,0,0
BRDA:59,7,1,0
FN:67,Microsoft.AspNetCore.Mvc.ActionResult Tryitter_Project.Controllers.PostController::Put(System.Int32,Tryitter_Project.Models.Post)
FNDA:0,Microsoft.AspNetCore.Mvc.ActionResult Tryitter_Project.Controllers.PostController::Put(System.Int32,Tryitter_Project.Models.Post)
DA:68,0
DA:69,0
DA:71,0
DA:72,0
DA:73,0
DA:74,0
BRDA:69,15,0,0
BRDA:69,15,1,0
FN:77,Microsoft.AspNetCore.Mvc.ActionResult Tryitter_Project.Controllers.PostController::Delete(System.Int32)
FNDA:0,Microsoft.AspNetCore.Mvc.ActionResult Tryitter_Project.Controllers.PostController::Delete(System.Int32)
DA:78,0
DA:79,0
DA:80,0
DA:81,0
DA:82,0
DA:84,0
DA:85,0
DA:87,0
DA:88,0
BRDA:80,130,0,0
BRDA:80,130,1,0
FN:16,System.Void Tryitter_Project.Controllers.PostController::.ctor(Tryitter_Project.Context.TryitterDbContext)
FNDA:0,System.Void Tryitter_Project.Controllers.PostController::.ctor(Tryitter_Project.Context.TryitterDbContext)
DA:17,0
DA:18,0
DA:19,0
DA:20,0
LF:46
LH:0
BRF:12
BRH:0
FNF:7
FNH:0
end_of_record
SF:/home/italo/workSpace/aceleracao/Tryitter-Project/src/Tryitter/Controllers/StudentController.cs
FN:25,Microsoft.AspNetCore.Mvc.ActionResult Tryitter_Project.Controllers.StudentController::Get()
FNDA:0,Microsoft.AspNetCore.Mvc.ActionResult Tryitter_Project.Controllers.StudentController::Get()
DA:26,0
DA:29,0
DA:31,0
DA:32,0
DA:33,0
DA:36,0
DA:37,0
BRDA:31,24,0,0
BRDA:31,24,1,0
FN:41,Microsoft.AspNetCore.Mvc.ActionResult Tryitter_Project.Controllers.StudentController::Get(System.Int32)
FNDA:0,Microsoft.AspNetCore.Mvc.ActionResult Tryitter_Project.Controllers.StudentController::Get(System.Int32)
DA:42,0
DA:43,0
DA:45,0
DA:46,0
FN:49,Microsoft.AspNetCore.Mvc.ActionResult Tryitter_Project.Controllers.StudentController::Create(Tryitter_Project.Models.Student)
FNDA:0,Microsoft.AspNetCore.Mvc.ActionResult Tryitter_Project.Controllers.StudentController::Create(Tryitter_Project.Models.Student)
DA:50,0
DA:52,0
DA:54,0
DA:55,0
DA:57,0
DA:58,0
DA:59,0
DA:60,0
DA:61,0
BRDA:54,152,0,0
BRDA:54,152,1,0
FN:65,Microsoft.AspNetCore.Mvc.ActionResult Tryitter_Project.Controllers.StudentController::Delete(System.Int32)
FNDA:0,Microsoft.AspNetCore.Mvc.ActionResult Tryitter_Project.Controllers.StudentController::Delete(System.Int32)
DA:66,0
DA:67,0
DA:69,0
DA:70,0
DA:71,0
DA:74,0
DA:75,0
DA:77,0
DA:78,0
BRDA:69,130,0,0
BRDA:69,130,1,0
FN:82,Microsoft.AspNetCore.Mvc.ActionResult Tryitter_Project.Controllers.StudentController::Put(System.Int32,Tryitter_Project.Models.Student)
FNDA:0,Microsoft.AspNetCore.Mvc.ActionResult Tryitter_Project.Controllers.StudentController::Put(System.Int32,Tryitter_Project.Models.Student)
DA:83,0
DA:84,0
DA:85,0
DA:86,0
DA:89,0
DA:90,0
DA:92,0
DA:93,0
BRDA:84,15,0,0
BRDA:84,15,1,0
FN:16,System.Void Tryitter_Project.Controllers.StudentController::.ctor(Tryitter_Project.Context.TryitterDbContext)
FNDA:0,System.Void Tryitter_Project.Controllers.StudentController::.ctor(Tryitter_Project.Context.TryitterDbContext)
DA:17,0
DA:18,0
DA:19,0
DA:20,0
DA:21,0
LF:42
LH:0
BRF:8
BRH:0
FNF:6
FNH:0
end_of_record
SF:/home/italo/workSpace/aceleracao/Tryitter-Project/src/Tryitter/Context/TryitterDbContext.cs
FN:12,Microsoft.EntityFrameworkCore.DbSet`1<Tryitter_Project.Models.Post> Tryitter_Project.Context.TryitterDbContext::get_Posts()
FNDA:0,Microsoft.EntityFrameworkCore.DbSet`1<Tryitter_Project.Models.Post> Tryitter_Project.Context.TryitterDbContext::get_Posts()
DA:13,0
FN:14,Microsoft.EntityFrameworkCore.DbSet`1<Tryitter_Project.Models.Student> Tryitter_Project.Context.TryitterDbContext::get_Student()
FNDA:0,Microsoft.EntityFrameworkCore.DbSet`1<Tryitter_Project.Models.Student> Tryitter_Project.Context.TryitterDbContext::get_Student()
DA:15,0
FN:17,System.Void Tryitter_Project.Context.TryitterDbContext::OnModelCreating(Microsoft.EntityFrameworkCore.ModelBuilder)
FNDA:0,System.Void Tryitter_Project.Context.TryitterDbContext::OnModelCreating(Microsoft.EntityFrameworkCore.ModelBuilder)
DA:18,0
DA:19,0
DA:20,0
FN:9,System.Void Tryitter_Project.Context.TryitterDbContext::.ctor(Microsoft.EntityFrameworkCore.DbContextOptions`1<Tryitter_Project.Context.TryitterDbContext>)
FNDA:0,System.Void Tryitter_Project.Context.TryitterDbContext::.ctor(Microsoft.EntityFrameworkCore.DbContextOptions`1<Tryitter_Project.Context.TryitterDbContext>)
DA:10,0
DA:11,0
LF:7
LH:0
BRF:0
BRH:0
FNF:4
FNH:0
end_of_record